<?xml version="1.0" encoding="UTF-8"?>
<testng-results ignored="0" total="1" passed="1" failed="0" skipped="0">
  <reporter-output>
  </reporter-output>
  <suite started-at="2022-02-07T09:02:12 IST" name="Default suite" finished-at="2022-02-07T09:02:15 IST" duration-ms="2271">
    <groups>
    </groups>
    <test started-at="2022-02-07T09:02:12 IST" name="Default test" finished-at="2022-02-07T09:02:15 IST" duration-ms="2271">
      <class name="tests.PutPatchDeleteExamples">
        <test-method signature="testpatch()[pri:2, instance:tests.PutPatchDeleteExamples@34f7cfd9]" started-at="2022-02-07T09:02:12 IST" name="testpatch" finished-at="2022-02-07T09:02:15 IST" duration-ms="2229" status="PASS">
          <reporter-output>
          </reporter-output>
        </test-method> <!-- testpatch -->
      </class> <!-- tests.PutPatchDeleteExamples -->
    </test> <!-- Default test -->
  </suite> <!-- Default suite -->
</testng-results>
